<?xml version="1.0" encoding="UTF-8"?>
<!-- Generated by org.testng.reporters.JUnitXMLReporter -->
<testsuite ignored="1" hostname="PREM-OPTIMUS" failures="0" tests="2" name="Default test" time="0.052" errors="0" timestamp="23 May 2022 05:24:08 GMT">
  <testcase classname="pack.NewTest2" name="f" time="0.011"/>
  <testcase classname="pack.NewTest2" name="a" time="0.002"/>
  <testcase classname="pack.NewTest2" name="z" time="0.0">
    <ignored/>
  </testcase> <!-- z -->
</testsuite> <!-- Default test -->
