<?xml version="1.0" encoding="UTF-8"?>
<testng-results ignored="1" total="3" passed="2" failed="0" skipped="0">
  <reporter-output>
  </reporter-output>
  <suite started-at="2022-05-23T05:24:08Z" name="Default suite" finished-at="2022-05-23T05:24:08Z" duration-ms="52">
    <groups>
    </groups>
    <test started-at="2022-05-23T05:24:08Z" name="Default test" finished-at="2022-05-23T05:24:08Z" duration-ms="52">
      <class name="pack.NewTest2">
        <test-method is-config="true" signature="beforeSuite()[pri:0, instance:pack.NewTest2@10959ece]" started-at="2022-05-23T10:54:08Z" name="beforeSuite" finished-at="2022-05-23T10:54:08Z" duration-ms="15" status="PASS">
          <reporter-output>
          </reporter-output>
        </test-method> <!-- beforeSuite -->
        <test-method is-config="true" signature="beforeTest()[pri:0, instance:pack.NewTest2@10959ece]" started-at="2022-05-23T10:54:08Z" name="beforeTest" finished-at="2022-05-23T10:54:08Z" duration-ms="0" status="PASS">
          <reporter-output>
          </reporter-output>
        </test-method> <!-- beforeTest -->
        <test-method is-config="true" signature="beforeClass()[pri:0, instance:pack.NewTest2@10959ece]" started-at="2022-05-23T10:54:08Z" name="beforeClass" finished-at="2022-05-23T10:54:08Z" duration-ms="1" status="PASS">
          <reporter-output>
          </reporter-output>
        </test-method> <!-- beforeClass -->
        <test-method is-config="true" signature="beforeMethod()[pri:0, instance:pack.NewTest2@10959ece]" started-at="2022-05-23T10:54:08Z" name="beforeMethod" finished-at="2022-05-23T10:54:08Z" duration-ms="0" status="PASS">
          <reporter-output>
          </reporter-output>
        </test-method> <!-- beforeMethod -->
        <test-method signature="f()[pri:2, instance:pack.NewTest2@10959ece]" started-at="2022-05-23T10:54:08Z" name="f" finished-at="2022-05-23T10:54:08Z" duration-ms="11" status="PASS">
          <reporter-output>
          </reporter-output>
        </test-method> <!-- f -->
        <test-method is-config="true" signature="afterMethod()[pri:0, instance:pack.NewTest2@10959ece]" started-at="2022-05-23T10:54:08Z" name="afterMethod" finished-at="2022-05-23T10:54:08Z" duration-ms="1" status="PASS">
          <reporter-output>
          </reporter-output>
        </test-method> <!-- afterMethod -->
        <test-method signature="a()[pri:3, instance:pack.NewTest2@10959ece]" started-at="2022-05-23T10:54:08Z" name="a" finished-at="2022-05-23T10:54:08Z" duration-ms="2" status="PASS">
          <reporter-output>
          </reporter-output>
        </test-method> <!-- a -->
        <test-method is-config="true" signature="beforeMethod()[pri:0, instance:pack.NewTest2@10959ece]" started-at="2022-05-23T10:54:08Z" name="beforeMethod" finished-at="2022-05-23T10:54:08Z" duration-ms="0" status="PASS">
          <reporter-output>
          </reporter-output>
        </test-method> <!-- beforeMethod -->
        <test-method is-config="true" signature="afterMethod()[pri:0, instance:pack.NewTest2@10959ece]" started-at="2022-05-23T10:54:08Z" name="afterMethod" finished-at="2022-05-23T10:54:08Z" duration-ms="0" status="PASS">
          <reporter-output>
          </reporter-output>
        </test-method> <!-- afterMethod -->
        <test-method is-config="true" signature="afterClass()[pri:0, instance:pack.NewTest2@10959ece]" started-at="2022-05-23T10:54:08Z" name="afterClass" finished-at="2022-05-23T10:54:08Z" duration-ms="0" status="PASS">
          <reporter-output>
          </reporter-output>
        </test-method> <!-- afterClass -->
        <test-method is-config="true" signature="afterTest()[pri:0, instance:pack.NewTest2@10959ece]" started-at="2022-05-23T10:54:08Z" name="afterTest" finished-at="2022-05-23T10:54:08Z" duration-ms="0" status="PASS">
          <reporter-output>
          </reporter-output>
        </test-method> <!-- afterTest -->
        <test-method is-config="true" signature="afterSuite()[pri:0, instance:pack.NewTest2@10959ece]" started-at="2022-05-23T10:54:08Z" name="afterSuite" finished-at="2022-05-23T10:54:08Z" duration-ms="1" status="PASS">
          <reporter-output>
          </reporter-output>
        </test-method> <!-- afterSuite -->
      </class> <!-- pack.NewTest2 -->
    </test> <!-- Default test -->
  </suite> <!-- Default suite -->
</testng-results>
